<?xml version="1.0" encoding="UTF-8"?>
<!-- Generated by org.testng.reporters.JUnitReportReporter -->
<testsuite skipped="0" hostname="DESKTOP-ICBR68V" name="com.test.xcdhr.Core_HR_Sence_Check.ChangeCompensation.TC001_ChangeCompensation_Via_RewardTab" tests="4" failures="0" timestamp="30 Jan 2018 11:32:31 GMT" time="85.185" errors="0">
  <testcase name="searchCreatedEmployeeForChangeJR" time="42.159" classname="com.test.xcdhr.Core_HR_Sence_Check.ChangeCompensation.TC001_ChangeCompensation_Via_RewardTab"/>
  <testcase name="verifyChangeCompButtonAndClick" time="4.056" classname="com.test.xcdhr.Core_HR_Sence_Check.ChangeCompensation.TC001_ChangeCompensation_Via_RewardTab"/>
  <testcase name="VerifyAndSetupChangeCompensation" time="25.562" classname="com.test.xcdhr.Core_HR_Sence_Check.ChangeCompensation.TC001_ChangeCompensation_Via_RewardTab"/>
  <testcase name="clickOnSearchedEmployeeAndVerifyRewardTab" time="13.408" classname="com.test.xcdhr.Core_HR_Sence_Check.ChangeCompensation.TC001_ChangeCompensation_Via_RewardTab"/>
</testsuite> <!-- com.test.xcdhr.Core_HR_Sence_Check.ChangeCompensation.TC001_ChangeCompensation_Via_RewardTab -->
