<?xml version="1.0" encoding="UTF-8"?>
<!-- Generated by org.testng.reporters.JUnitReportReporter -->
<testsuite skipped="0" hostname="DESKTOP-ICBR68V" name="com.test.xcdhr.Core_HR_Sence_Check.ChangeJobRole.TC001_Verify_Change_JR_With_PatternType_RWP" tests="3" failures="0" timestamp="13 Feb 2018 11:13:12 GMT" time="48.059" errors="0">
  <testcase name="clickOnSearchedEmployeeAndJobTitle" time="7.659" classname="com.test.xcdhr.Core_HR_Sence_Check.ChangeJobRole.TC001_Verify_Change_JR_With_PatternType_RWP"/>
  <testcase name="searchCreatedEmployeeForChangeJR" time="38.326" classname="com.test.xcdhr.Core_HR_Sence_Check.ChangeJobRole.TC001_Verify_Change_JR_With_PatternType_RWP"/>
  <testcase name="verifySecondJobTitle" time="2.074" classname="com.test.xcdhr.Core_HR_Sence_Check.ChangeJobRole.TC001_Verify_Change_JR_With_PatternType_RWP"/>
</testsuite> <!-- com.test.xcdhr.Core_HR_Sence_Check.ChangeJobRole.TC001_Verify_Change_JR_With_PatternType_RWP -->
