<?xml version="1.0" encoding="UTF-8"?>
<!-- Generated by org.testng.reporters.JUnitReportReporter -->
<testsuite skipped="0" hostname="DESKTOP-ICBR68V" name="com.test.xcdhr.Core_HR_Sense_Check.SetupAddressNOKandQualification.TC002_SetupNextOfKinAndVerify" tests="4" failures="0" timestamp="20 Apr 2018 08:58:08 GMT" time="63.132" errors="0">
  <testcase name="loginAndClickMyDetail" time="24.642" classname="com.test.xcdhr.Core_HR_Sense_Check.SetupAddressNOKandQualification.TC002_SetupNextOfKinAndVerify"/>
  <testcase name="verifyNokButtonAndClick" time="11.659" classname="com.test.xcdhr.Core_HR_Sense_Check.SetupAddressNOKandQualification.TC002_SetupNextOfKinAndVerify"/>
  <testcase name="setupNok" time="25.890" classname="com.test.xcdhr.Core_HR_Sense_Check.SetupAddressNOKandQualification.TC002_SetupNextOfKinAndVerify"/>
  <testcase name="getNokData" time="0.941" classname="com.test.xcdhr.Core_HR_Sense_Check.SetupAddressNOKandQualification.TC002_SetupNextOfKinAndVerify"/>
</testsuite> <!-- com.test.xcdhr.Core_HR_Sense_Check.SetupAddressNOKandQualification.TC002_SetupNextOfKinAndVerify -->
