<?xml version="1.0" encoding="UTF-8"?>
<!-- Generated by org.testng.reporters.JUnitReportReporter -->
<testsuite skipped="0" hostname="DESKTOP-ICBR68V" name="com.test.xcdhr.Core_HR_Sence_Check.AddOherPaymentOrDeduction.TC001_VerifyOtherPaymentOrDeduction" tests="5" failures="0" timestamp="31 Jan 2018 12:08:31 GMT" time="59.076" errors="0">
  <testcase name="searchEmployeeRecord" time="45.379" classname="com.test.xcdhr.Core_HR_Sence_Check.AddOherPaymentOrDeduction.TC001_VerifyOtherPaymentOrDeduction"/>
  <testcase name="verifyRegularPaymentAmount" time="1.771" classname="com.test.xcdhr.Core_HR_Sence_Check.AddOherPaymentOrDeduction.TC001_VerifyOtherPaymentOrDeduction"/>
  <testcase name="clickOnSearchedEmployeeAndRewardTab" time="11.424" classname="com.test.xcdhr.Core_HR_Sence_Check.AddOherPaymentOrDeduction.TC001_VerifyOtherPaymentOrDeduction"/>
  <testcase name="verifyOtherPaymentDeductionAndClicked" time="0.477" classname="com.test.xcdhr.Core_HR_Sence_Check.AddOherPaymentOrDeduction.TC001_VerifyOtherPaymentOrDeduction"/>
  <testcase name="verifyAnnualBenefit" time="0.025" classname="com.test.xcdhr.Core_HR_Sence_Check.AddOherPaymentOrDeduction.TC001_VerifyOtherPaymentOrDeduction"/>
</testsuite> <!-- com.test.xcdhr.Core_HR_Sence_Check.AddOherPaymentOrDeduction.TC001_VerifyOtherPaymentOrDeduction -->
