<?xml version="1.0" encoding="UTF-8"?>
<!-- Generated by org.testng.reporters.JUnitReportReporter -->
<testsuite skipped="0" hostname="DESKTOP-ICBR68V" name="com.test.xcdhr.Core_HR_Sense_Check.HrEmployeeLeaveBooking.TC003_BookOpenSickLeaveForDaysWorkerAndVerify" tests="2" failures="0" timestamp="24 Apr 2018 10:41:46 GMT" time="61.603" errors="1">
  <testcase name="loginAndClickMyDetail" time="25.155" classname="com.test.xcdhr.Core_HR_Sense_Check.HrEmployeeLeaveBooking.TC003_BookOpenSickLeaveForDaysWorkerAndVerify"/>
  <testcase name="setupLrAndSubmit" time="36.448" classname="com.test.xcdhr.Core_HR_Sense_Check.HrEmployeeLeaveBooking.TC003_BookOpenSickLeaveForDaysWorkerAndVerify">
    <error type="java.lang.NullPointerException">
      <![CDATA[java.lang.NullPointerException
at org.openqa.selenium.support.ui.Quotes.escape(Quotes.java:42)
at org.openqa.selenium.support.ui.Select.selectByValue(Select.java:197)
at com.test.xcdhr.Core_HR_Sense_Check.uiActions.LeaveBookingForHrEmployeeManagerTlPage.setupOpenSicklLeaveRequestAndSubmit(LeaveBookingForHrEmployeeManagerTlPage.java:274)
at com.test.xcdhr.Core_HR_Sense_Check.HrEmployeeLeaveBooking.TC003_BookOpenSickLeaveForDaysWorkerAndVerify.setupLrAndSubmit(TC003_BookOpenSickLeaveForDaysWorkerAndVerify.java:68)
at sun.reflect.NativeMethodAccessorImpl.invoke0(Native Method)
at sun.reflect.NativeMethodAccessorImpl.invoke(Unknown Source)
at sun.reflect.DelegatingMethodAccessorImpl.invoke(Unknown Source)
at java.lang.reflect.Method.invoke(Unknown Source)
at org.testng.internal.MethodInvocationHelper.invokeMethod(MethodInvocationHelper.java:124)
at org.testng.internal.Invoker.invokeMethod(Invoker.java:580)
at org.testng.internal.Invoker.invokeTestMethod(Invoker.java:716)
at org.testng.internal.Invoker.invokeTestMethods(Invoker.java:988)
at org.testng.internal.TestMethodWorker.invokeTestMethods(TestMethodWorker.java:125)
at org.testng.internal.TestMethodWorker.run(TestMethodWorker.java:109)
at org.testng.TestRunner.privateRun(TestRunner.java:648)
at org.testng.TestRunner.run(TestRunner.java:505)
at org.testng.SuiteRunner.runTest(SuiteRunner.java:455)
at org.testng.SuiteRunner.runSequentially(SuiteRunner.java:450)
at org.testng.SuiteRunner.privateRun(SuiteRunner.java:415)
at org.testng.SuiteRunner.run(SuiteRunner.java:364)
at org.testng.SuiteRunnerWorker.runSuite(SuiteRunnerWorker.java:52)
at org.testng.SuiteRunnerWorker.run(SuiteRunnerWorker.java:84)
at org.testng.TestNG.runSuitesSequentially(TestNG.java:1208)
at org.testng.TestNG.runSuitesLocally(TestNG.java:1137)
at org.testng.TestNG.runSuites(TestNG.java:1049)
at org.testng.TestNG.run(TestNG.java:1017)
at org.testng.remote.AbstractRemoteTestNG.run(AbstractRemoteTestNG.java:114)
at org.testng.remote.RemoteTestNG.initAndRun(RemoteTestNG.java:251)
at org.testng.remote.RemoteTestNG.main(RemoteTestNG.java:77)
]]>
    </error>
  </testcase> <!-- setupLrAndSubmit -->
</testsuite> <!-- com.test.xcdhr.Core_HR_Sense_Check.HrEmployeeLeaveBooking.TC003_BookOpenSickLeaveForDaysWorkerAndVerify -->
