<?xml version="1.0" encoding="UTF-8"?>
<!-- Generated by org.testng.reporters.JUnitReportReporter -->
<testsuite skipped="0" hostname="DESKTOP-ICBR68V" name="com.test.xcdhr.Core_HR_Sense_Check.JoinerProcess.TC002_VerifyJoiner_WithLicenseWithExistingUser" tests="6" failures="0" timestamp="17 Apr 2018 07:26:51 GMT" time="40.859" errors="0">
  <testcase name="searchCreatedEmployee" time="21.984" classname="com.test.xcdhr.Core_HR_Sense_Check.JoinerProcess.TC002_VerifyJoiner_WithLicenseWithExistingUser"/>
  <testcase name="verifyRewardTabAndClickedRewardTab" time="7.259" classname="com.test.xcdhr.Core_HR_Sense_Check.JoinerProcess.TC002_VerifyJoiner_WithLicenseWithExistingUser"/>
  <testcase name="verifyAnnualSalaryOfCreatedCompensation" time="1.674" classname="com.test.xcdhr.Core_HR_Sense_Check.JoinerProcess.TC002_VerifyJoiner_WithLicenseWithExistingUser"/>
  <testcase name="verifyEmployeeNameOnJobRoleAndGoBackToEmployment" time="0.401" classname="com.test.xcdhr.Core_HR_Sense_Check.JoinerProcess.TC002_VerifyJoiner_WithLicenseWithExistingUser"/>
  <testcase name="clickOnSearchedEmployee" time="7.428" classname="com.test.xcdhr.Core_HR_Sense_Check.JoinerProcess.TC002_VerifyJoiner_WithLicenseWithExistingUser"/>
  <testcase name="verifyJobTitleOfCreatedEmployee" time="2.113" classname="com.test.xcdhr.Core_HR_Sense_Check.JoinerProcess.TC002_VerifyJoiner_WithLicenseWithExistingUser"/>
</testsuite> <!-- com.test.xcdhr.Core_HR_Sense_Check.JoinerProcess.TC002_VerifyJoiner_WithLicenseWithExistingUser -->
