<?xml version="1.0" encoding="UTF-8"?>
<!-- Generated by org.testng.reporters.JUnitReportReporter -->
<testsuite skipped="0" hostname="DESKTOP-ICBR68V" name="com.test.xcdhr.Core_HR_Sense_Check.SetupAddressNOKandQualificationForHrManager.TC001_SetupPersonalAddressAndVerify" tests="4" failures="0" timestamp="24 Apr 2018 06:13:26 GMT" time="75.629" errors="0">
  <testcase name="verifyAddressButtonAndClick" time="11.679" classname="com.test.xcdhr.Core_HR_Sense_Check.SetupAddressNOKandQualificationForHrManager.TC001_SetupPersonalAddressAndVerify"/>
  <testcase name="getPersonalData" time="1.736" classname="com.test.xcdhr.Core_HR_Sense_Check.SetupAddressNOKandQualificationForHrManager.TC001_SetupPersonalAddressAndVerify"/>
  <testcase name="setupPersonalAddress" time="34.886" classname="com.test.xcdhr.Core_HR_Sense_Check.SetupAddressNOKandQualificationForHrManager.TC001_SetupPersonalAddressAndVerify"/>
  <testcase name="loginAndClickMyDetail" time="27.328" classname="com.test.xcdhr.Core_HR_Sense_Check.SetupAddressNOKandQualificationForHrManager.TC001_SetupPersonalAddressAndVerify"/>
</testsuite> <!-- com.test.xcdhr.Core_HR_Sense_Check.SetupAddressNOKandQualificationForHrManager.TC001_SetupPersonalAddressAndVerify -->
