<?xml version="1.0" encoding="UTF-8"?>
<!-- Generated by org.testng.reporters.JUnitReportReporter -->
<testsuite skipped="0" hostname="DESKTOP-ICBR68V" name="com.test.xcdhr.Core_HR_Sense_Check.HrEmployeeManagerTeamLeaderLeaveBooking.TC005_CancelAnnualLeaveAndVerify" tests="1" failures="0" timestamp="20 Apr 2018 10:03:40 GMT" time="45.858" errors="0">
  <testcase name="loginAndClickMyDetail" time="45.858" classname="com.test.xcdhr.Core_HR_Sense_Check.HrEmployeeManagerTeamLeaderLeaveBooking.TC005_CancelAnnualLeaveAndVerify"/>
</testsuite> <!-- com.test.xcdhr.Core_HR_Sense_Check.HrEmployeeManagerTeamLeaderLeaveBooking.TC005_CancelAnnualLeaveAndVerify -->
