<?xml version="1.0" encoding="UTF-8"?>
<!-- Generated by org.testng.reporters.JUnitReportReporter -->
<testsuite skipped="0" hostname="DESKTOP-ICBR68V" name="com.test.xcdhr.Core_HR_Sence_Check.AddPaymentOrDeduction.TC002_VerifyAddPaymentOrDeductionOneOffDeductionType" tests="5" failures="0" timestamp="06 Mar 2018 06:30:33 GMT" time="58.104" errors="0">
  <testcase name="verifyPaymentDedutonAndClick" time="6.789" classname="com.test.xcdhr.Core_HR_Sence_Check.AddPaymentOrDeduction.TC002_VerifyAddPaymentOrDeductionOneOffDeductionType"/>
  <testcase name="verifyRecordType" time="0.633" classname="com.test.xcdhr.Core_HR_Sence_Check.AddPaymentOrDeduction.TC002_VerifyAddPaymentOrDeductionOneOffDeductionType"/>
  <testcase name="searchEmployeeRecord" time="41.774" classname="com.test.xcdhr.Core_HR_Sence_Check.AddPaymentOrDeduction.TC002_VerifyAddPaymentOrDeductionOneOffDeductionType"/>
  <testcase name="clickOnSearchedEmployeeAndRewardTab" time="8.747" classname="com.test.xcdhr.Core_HR_Sence_Check.AddPaymentOrDeduction.TC002_VerifyAddPaymentOrDeductionOneOffDeductionType"/>
  <testcase name="verifyPaymentAmount" time="0.161" classname="com.test.xcdhr.Core_HR_Sence_Check.AddPaymentOrDeduction.TC002_VerifyAddPaymentOrDeductionOneOffDeductionType"/>
</testsuite> <!-- com.test.xcdhr.Core_HR_Sence_Check.AddPaymentOrDeduction.TC002_VerifyAddPaymentOrDeductionOneOffDeductionType -->
