<?xml version="1.0" encoding="UTF-8"?>
<!-- Generated by org.testng.reporters.JUnitReportReporter -->
<testsuite skipped="0" hostname="DESKTOP-ICBR68V" name="com.test.xcdhr.Core_HR_Sence_Check.AddPaymentOrDeduction.TC001_AddPaymentOrDeduction" tests="4" failures="0" timestamp="31 Jan 2018 15:42:47 GMT" time="73.125" errors="0">
  <testcase name="VerifyAndSetupPaymentDeduction" time="16.733" classname="com.test.xcdhr.Core_HR_Sence_Check.AddPaymentOrDeduction.TC001_AddPaymentOrDeduction"/>
  <testcase name="clickOnSearchedEmployeeAndVerifyRewardTab" time="6.259" classname="com.test.xcdhr.Core_HR_Sence_Check.AddPaymentOrDeduction.TC001_AddPaymentOrDeduction"/>
  <testcase name="verifyPaymentDeductionButton" time="8.429" classname="com.test.xcdhr.Core_HR_Sence_Check.AddPaymentOrDeduction.TC001_AddPaymentOrDeduction"/>
  <testcase name="searchEmployeeForSetupOtherPaymentDeduction" time="41.704" classname="com.test.xcdhr.Core_HR_Sence_Check.AddPaymentOrDeduction.TC001_AddPaymentOrDeduction"/>
</testsuite> <!-- com.test.xcdhr.Core_HR_Sence_Check.AddPaymentOrDeduction.TC001_AddPaymentOrDeduction -->
