<?xml version="1.0" encoding="UTF-8"?>
<!-- Generated by org.testng.reporters.JUnitReportReporter -->
<testsuite skipped="0" hostname="DESKTOP-ICBR68V" name="com.test.xcdhr.Core_HR_Sense_Check.SetupAddressNOKandQualificationForHrEmployee.TC001_SetupPersonalAddressAndVerify" tests="4" failures="0" timestamp="26 Apr 2018 13:24:02 GMT" time="77.282" errors="0">
  <testcase name="verifyAddressButtonAndClick" time="11.419" classname="com.test.xcdhr.Core_HR_Sense_Check.SetupAddressNOKandQualificationForHrEmployee.TC001_SetupPersonalAddressAndVerify"/>
  <testcase name="loginAndClickMyDetail" time="30.291" classname="com.test.xcdhr.Core_HR_Sense_Check.SetupAddressNOKandQualificationForHrEmployee.TC001_SetupPersonalAddressAndVerify"/>
  <testcase name="getPersonalData" time="1.356" classname="com.test.xcdhr.Core_HR_Sense_Check.SetupAddressNOKandQualificationForHrEmployee.TC001_SetupPersonalAddressAndVerify"/>
  <testcase name="setupPersonalAddress" time="34.216" classname="com.test.xcdhr.Core_HR_Sense_Check.SetupAddressNOKandQualificationForHrEmployee.TC001_SetupPersonalAddressAndVerify"/>
</testsuite> <!-- com.test.xcdhr.Core_HR_Sense_Check.SetupAddressNOKandQualificationForHrEmployee.TC001_SetupPersonalAddressAndVerify -->
