<?xml version="1.0" encoding="UTF-8"?>
<!-- Generated by org.testng.reporters.JUnitReportReporter -->
<testsuite skipped="0" hostname="DESKTOP-ICBR68V" name="com.test.xcdhr.Core_HR_Sense_Check.SetupAddressNOKandQualification.TC001_SetupPersonalAddressAndVerify" tests="4" failures="0" timestamp="20 Apr 2018 08:58:08 GMT" time="74.004" errors="0">
  <testcase name="loginAndClickMyDetail" time="26.481" classname="com.test.xcdhr.Core_HR_Sense_Check.SetupAddressNOKandQualification.TC001_SetupPersonalAddressAndVerify"/>
  <testcase name="getPersonalData" time="1.693" classname="com.test.xcdhr.Core_HR_Sense_Check.SetupAddressNOKandQualification.TC001_SetupPersonalAddressAndVerify"/>
  <testcase name="setupPersonalAddress" time="34.553" classname="com.test.xcdhr.Core_HR_Sense_Check.SetupAddressNOKandQualification.TC001_SetupPersonalAddressAndVerify"/>
  <testcase name="verifyAddressButtonAndClick" time="11.277" classname="com.test.xcdhr.Core_HR_Sense_Check.SetupAddressNOKandQualification.TC001_SetupPersonalAddressAndVerify"/>
</testsuite> <!-- com.test.xcdhr.Core_HR_Sense_Check.SetupAddressNOKandQualification.TC001_SetupPersonalAddressAndVerify -->
