<?xml version="1.0" encoding="UTF-8"?>
<!-- Generated by org.testng.reporters.JUnitReportReporter -->
<testsuite skipped="0" hostname="Firoz-PC" name="com.test.xcdhr.Core_HR_Sence_Check.JoinerProcess.TC001_VerifyJoiner_WithoutLicense" tests="1" failures="0" timestamp="08 Dec 2017 12:05:42 GMT" time="84.469" errors="0">
  <testcase name="verifyJoierWithoutLicense" time="84.469" classname="com.test.xcdhr.Core_HR_Sence_Check.JoinerProcess.TC001_VerifyJoiner_WithoutLicense"/>
</testsuite> <!-- com.test.xcdhr.Core_HR_Sence_Check.JoinerProcess.TC001_VerifyJoiner_WithoutLicense -->
