<?xml version="1.0" encoding="UTF-8"?>
<!-- Generated by org.testng.reporters.JUnitReportReporter -->
<testsuite skipped="0" hostname="DESKTOP-ICBR68V" name="com.test.xcdhr.Core_HR_Sense_Check.JoinerProcess.TC002_SetupJoiner_WithLicenseWithExistingUser" tests="4" failures="0" timestamp="17 Apr 2018 07:26:51 GMT" time="164.938" errors="0">
  <testcase name="goToNewJoinerPageAndSelectExistingUser" time="72.774" classname="com.test.xcdhr.Core_HR_Sense_Check.JoinerProcess.TC002_SetupJoiner_WithLicenseWithExistingUser"/>
  <testcase name="verifySecoonPageAndSetupSecondPageOfJoiner" time="68.167" classname="com.test.xcdhr.Core_HR_Sense_Check.JoinerProcess.TC002_SetupJoiner_WithLicenseWithExistingUser"/>
  <testcase name="setupFirstJoinerPage" time="3.925" classname="com.test.xcdhr.Core_HR_Sense_Check.JoinerProcess.TC002_SetupJoiner_WithLicenseWithExistingUser"/>
  <testcase name="companyTabclick" time="20.072" classname="com.test.xcdhr.Core_HR_Sense_Check.JoinerProcess.TC002_SetupJoiner_WithLicenseWithExistingUser"/>
</testsuite> <!-- com.test.xcdhr.Core_HR_Sense_Check.JoinerProcess.TC002_SetupJoiner_WithLicenseWithExistingUser -->
