<?xml version="1.0" encoding="UTF-8"?>
<!-- Generated by org.testng.reporters.JUnitReportReporter -->
<testsuite skipped="0" hostname="DESKTOP-ICBR68V" name="com.test.xcdhr.Core_HR_Sence_Check.JoinerProcess.TC002_SetupJoiner_WithoutLicenseWithExistingUser" tests="4" failures="0" timestamp="12 Feb 2018 10:14:22 GMT" time="153.123" errors="0">
  <testcase name="goToNewJoinerPageAndSelectExistingUser" time="99.297" classname="com.test.xcdhr.Core_HR_Sence_Check.JoinerProcess.TC002_SetupJoiner_WithoutLicenseWithExistingUser"/>
  <testcase name="verifySecoonPageAndSetupSecondPageOfJoiner" time="8.136" classname="com.test.xcdhr.Core_HR_Sence_Check.JoinerProcess.TC002_SetupJoiner_WithoutLicenseWithExistingUser"/>
  <testcase name="companyTabclick" time="38.734" classname="com.test.xcdhr.Core_HR_Sence_Check.JoinerProcess.TC002_SetupJoiner_WithoutLicenseWithExistingUser"/>
  <testcase name="setupFirstJoinerPage" time="6.956" classname="com.test.xcdhr.Core_HR_Sence_Check.JoinerProcess.TC002_SetupJoiner_WithoutLicenseWithExistingUser"/>
</testsuite> <!-- com.test.xcdhr.Core_HR_Sence_Check.JoinerProcess.TC002_SetupJoiner_WithoutLicenseWithExistingUser -->
