<?xml version="1.0" encoding="UTF-8"?>
<!-- Generated by org.testng.reporters.JUnitReportReporter -->
<testsuite skipped="0" hostname="DESKTOP-ICBR68V" name="com.test.xcdhr.Core_HR_Sence_Check.AddAward.TC001_AddAwardViaRewardTab" tests="4" failures="0" timestamp="31 Jan 2018 10:56:32 GMT" time="83.203" errors="0">
  <testcase name="clickOnSearchedEmployeeAndVerifyRewardTab" time="10.045" classname="com.test.xcdhr.Core_HR_Sence_Check.AddAward.TC001_AddAwardViaRewardTab"/>
  <testcase name="VerifyAndSetupAward" time="19.354" classname="com.test.xcdhr.Core_HR_Sence_Check.AddAward.TC001_AddAwardViaRewardTab"/>
  <testcase name="verifyAwardButton" time="8.422" classname="com.test.xcdhr.Core_HR_Sence_Check.AddAward.TC001_AddAwardViaRewardTab"/>
  <testcase name="searchEmployeeForSetupOtherPaymentDeduction" time="45.382" classname="com.test.xcdhr.Core_HR_Sence_Check.AddAward.TC001_AddAwardViaRewardTab"/>
</testsuite> <!-- com.test.xcdhr.Core_HR_Sence_Check.AddAward.TC001_AddAwardViaRewardTab -->
