<?xml version="1.0" encoding="UTF-8"?>
<!-- Generated by org.testng.reporters.JUnitReportReporter -->
<testsuite skipped="0" hostname="DESKTOP-ICBR68V" name="com.test.xcdhr.Core_HR_Sense_Check.MyTeamAndDirectoryForManager.TC001_MyTeamAccessAndVerify" tests="3" failures="0" timestamp="26 Apr 2018 09:55:10 GMT" time="27.062" errors="0">
  <testcase name="loginAndClickMyTeamTab" time="20.545" classname="com.test.xcdhr.Core_HR_Sense_Check.MyTeamAndDirectoryForManager.TC001_MyTeamAccessAndVerify"/>
  <testcase name="ClickViewEmployee" time="6.379" classname="com.test.xcdhr.Core_HR_Sense_Check.MyTeamAndDirectoryForManager.TC001_MyTeamAccessAndVerify"/>
  <testcase name="verifyMyTeamAccess" time="0.138" classname="com.test.xcdhr.Core_HR_Sense_Check.MyTeamAndDirectoryForManager.TC001_MyTeamAccessAndVerify"/>
</testsuite> <!-- com.test.xcdhr.Core_HR_Sense_Check.MyTeamAndDirectoryForManager.TC001_MyTeamAccessAndVerify -->
