<?xml version="1.0" encoding="UTF-8"?>
<!-- Generated by org.testng.reporters.JUnitReportReporter -->
<testsuite skipped="0" hostname="DESKTOP-ICBR68V" name="com.test.xcdhr.Core_HR_Sence_Check.JoinerProcess.TC001_SetupJoiner_WithoutLicense" tests="2" failures="0" timestamp="07 Feb 2018 05:21:39 GMT" time="127.025" errors="0">
  <testcase name="goToNewJoinerPage" time="78.849" classname="com.test.xcdhr.Core_HR_Sence_Check.JoinerProcess.TC001_SetupJoiner_WithoutLicense"/>
  <testcase name="companyTabclick" time="48.176" classname="com.test.xcdhr.Core_HR_Sence_Check.JoinerProcess.TC001_SetupJoiner_WithoutLicense"/>
</testsuite> <!-- com.test.xcdhr.Core_HR_Sence_Check.JoinerProcess.TC001_SetupJoiner_WithoutLicense -->
