<?xml version="1.0" encoding="UTF-8"?>
<!-- Generated by org.testng.reporters.JUnitReportReporter -->
<testsuite skipped="0" hostname="DESKTOP-ICBR68V" name="com.test.xcdhr.Core_HR_Sence_Check.JoinerProcess.TC001_SetupJoiner_WithLicenseWithoutExistingUser" tests="5" failures="0" timestamp="07 Mar 2018 06:16:39 GMT" time="136.128" errors="0">
  <testcase name="clickGO" time="32.680" classname="com.test.xcdhr.Core_HR_Sence_Check.JoinerProcess.TC001_SetupJoiner_WithLicenseWithoutExistingUser"/>
  <testcase name="companyTabclick" time="36.314" classname="com.test.xcdhr.Core_HR_Sence_Check.JoinerProcess.TC001_SetupJoiner_WithLicenseWithoutExistingUser"/>
  <testcase name="clicnNewJoinerButton" time="1.062" classname="com.test.xcdhr.Core_HR_Sence_Check.JoinerProcess.TC001_SetupJoiner_WithLicenseWithoutExistingUser"/>
  <testcase name="setupPersonalSection" time="29.505" classname="com.test.xcdhr.Core_HR_Sence_Check.JoinerProcess.TC001_SetupJoiner_WithLicenseWithoutExistingUser"/>
  <testcase name="clickDNTcoreHRComp" time="36.567" classname="com.test.xcdhr.Core_HR_Sence_Check.JoinerProcess.TC001_SetupJoiner_WithLicenseWithoutExistingUser"/>
</testsuite> <!-- com.test.xcdhr.Core_HR_Sence_Check.JoinerProcess.TC001_SetupJoiner_WithLicenseWithoutExistingUser -->
