<?xml version="1.0" encoding="UTF-8"?>
<!-- Generated by org.testng.reporters.JUnitReportReporter -->
<testsuite skipped="0" hostname="DESKTOP-ICBR68V" name="com.test.xcdhr.Core_HR_Sense_Check.ManagerTLapproveRejectReassignLR.TC002_RejectLrAndVerify" tests="4" failures="0" timestamp="26 Apr 2018 10:47:42 GMT" time="42.880" errors="0">
  <testcase name="loginAndClickMyTeamTab" time="20.071" classname="com.test.xcdhr.Core_HR_Sense_Check.ManagerTLapproveRejectReassignLR.TC002_RejectLrAndVerify"/>
  <testcase name="ClickLeaveTabAndRecord" time="7.475" classname="com.test.xcdhr.Core_HR_Sense_Check.ManagerTLapproveRejectReassignLR.TC002_RejectLrAndVerify"/>
  <testcase name="verifyLRForDaysWorker" time="1.069" classname="com.test.xcdhr.Core_HR_Sense_Check.ManagerTLapproveRejectReassignLR.TC002_RejectLrAndVerify"/>
  <testcase name="verifyApproveRejectAndReject" time="14.265" classname="com.test.xcdhr.Core_HR_Sense_Check.ManagerTLapproveRejectReassignLR.TC002_RejectLrAndVerify"/>
</testsuite> <!-- com.test.xcdhr.Core_HR_Sense_Check.ManagerTLapproveRejectReassignLR.TC002_RejectLrAndVerify -->
