<?xml version="1.0" encoding="UTF-8"?>
<!-- Generated by org.testng.reporters.JUnitReportReporter -->
<testsuite skipped="0" hostname="DESKTOP-ICBR68V" name="com.test.xcdhr.Core_HR_Sence_Check.AddPaymentOrDeduction.TC003_AddPaymentOrDeductionOneOffPaymentType" tests="4" failures="0" timestamp="06 Mar 2018 06:30:33 GMT" time="86.018" errors="0">
  <testcase name="searchEmployeeForSetupOtherPaymentDeduction" time="45.992" classname="com.test.xcdhr.Core_HR_Sence_Check.AddPaymentOrDeduction.TC003_AddPaymentOrDeductionOneOffPaymentType"/>
  <testcase name="VerifyAndSetupPaymentDeduction" time="21.968" classname="com.test.xcdhr.Core_HR_Sence_Check.AddPaymentOrDeduction.TC003_AddPaymentOrDeductionOneOffPaymentType"/>
  <testcase name="clickOnSearchedEmployeeAndVerifyRewardTab" time="9.274" classname="com.test.xcdhr.Core_HR_Sence_Check.AddPaymentOrDeduction.TC003_AddPaymentOrDeductionOneOffPaymentType"/>
  <testcase name="verifyPaymentDeductionButton" time="8.784" classname="com.test.xcdhr.Core_HR_Sence_Check.AddPaymentOrDeduction.TC003_AddPaymentOrDeductionOneOffPaymentType"/>
</testsuite> <!-- com.test.xcdhr.Core_HR_Sence_Check.AddPaymentOrDeduction.TC003_AddPaymentOrDeductionOneOffPaymentType -->
