<?xml version="1.0" encoding="UTF-8"?>
<!-- Generated by org.testng.reporters.JUnitReportReporter -->
<testsuite skipped="0" hostname="DESKTOP-ICBR68V" name="com.test.xcdhr.Core_HR_Sense_Check.SetupAddressNOKandQualificationForHrEmployee.TC003_SetupQualificationAndVerify" tests="4" failures="0" timestamp="26 Apr 2018 13:24:02 GMT" time="66.812" errors="0">
  <testcase name="setupQualification" time="33.517" classname="com.test.xcdhr.Core_HR_Sense_Check.SetupAddressNOKandQualificationForHrEmployee.TC003_SetupQualificationAndVerify"/>
  <testcase name="loginAndClickMyDetail" time="24.711" classname="com.test.xcdhr.Core_HR_Sense_Check.SetupAddressNOKandQualificationForHrEmployee.TC003_SetupQualificationAndVerify"/>
  <testcase name="verifyQualificationButtonAndClick" time="7.702" classname="com.test.xcdhr.Core_HR_Sense_Check.SetupAddressNOKandQualificationForHrEmployee.TC003_SetupQualificationAndVerify"/>
  <testcase name="getQualificationData" time="0.882" classname="com.test.xcdhr.Core_HR_Sense_Check.SetupAddressNOKandQualificationForHrEmployee.TC003_SetupQualificationAndVerify"/>
</testsuite> <!-- com.test.xcdhr.Core_HR_Sense_Check.SetupAddressNOKandQualificationForHrEmployee.TC003_SetupQualificationAndVerify -->
