<?xml version="1.0" encoding="UTF-8"?>
<!-- Generated by org.testng.reporters.JUnitReportReporter -->
<testsuite skipped="0" hostname="DESKTOP-ICBR68V" name="com.test.xcdhr.Core_HR_Sence_Check.ChangeCompensation.TC001_Verify_ChangeCompensation_Via_RewardTab" tests="4" failures="0" timestamp="30 Jan 2018 11:32:31 GMT" time="67.944" errors="0">
  <testcase name="clickOnSearchedEmployeeAndVerifyRewardTab" time="17.720" classname="com.test.xcdhr.Core_HR_Sence_Check.ChangeCompensation.TC001_Verify_ChangeCompensation_Via_RewardTab"/>
  <testcase name="verifySecondCompensationAndClickSecondCompensation" time="5.237" classname="com.test.xcdhr.Core_HR_Sence_Check.ChangeCompensation.TC001_Verify_ChangeCompensation_Via_RewardTab"/>
  <testcase name="searchCreatedEmployeeForChangeCompensation" time="43.399" classname="com.test.xcdhr.Core_HR_Sence_Check.ChangeCompensation.TC001_Verify_ChangeCompensation_Via_RewardTab"/>
  <testcase name="verifySecondCompensation" time="1.588" classname="com.test.xcdhr.Core_HR_Sence_Check.ChangeCompensation.TC001_Verify_ChangeCompensation_Via_RewardTab"/>
</testsuite> <!-- com.test.xcdhr.Core_HR_Sence_Check.ChangeCompensation.TC001_Verify_ChangeCompensation_Via_RewardTab -->
