<?xml version="1.0" encoding="UTF-8"?>
<!-- Generated by org.testng.reporters.JUnitReportReporter -->
<testsuite skipped="0" hostname="DESKTOP-ICBR68V" name="com.test.xcdhr.Core_HR_Sense_Check.SetupAddressNOKandQualificationForHrEmployee.TC002_SetupNextOfKinAndVerify" tests="4" failures="0" timestamp="26 Apr 2018 13:24:02 GMT" time="65.492" errors="0">
  <testcase name="verifyNokButtonAndClick" time="11.095" classname="com.test.xcdhr.Core_HR_Sense_Check.SetupAddressNOKandQualificationForHrEmployee.TC002_SetupNextOfKinAndVerify"/>
  <testcase name="getNokData" time="0.727" classname="com.test.xcdhr.Core_HR_Sense_Check.SetupAddressNOKandQualificationForHrEmployee.TC002_SetupNextOfKinAndVerify"/>
  <testcase name="loginAndClickMyDetail" time="28.115" classname="com.test.xcdhr.Core_HR_Sense_Check.SetupAddressNOKandQualificationForHrEmployee.TC002_SetupNextOfKinAndVerify"/>
  <testcase name="setupNok" time="25.555" classname="com.test.xcdhr.Core_HR_Sense_Check.SetupAddressNOKandQualificationForHrEmployee.TC002_SetupNextOfKinAndVerify"/>
</testsuite> <!-- com.test.xcdhr.Core_HR_Sense_Check.SetupAddressNOKandQualificationForHrEmployee.TC002_SetupNextOfKinAndVerify -->
