<?xml version="1.0" encoding="UTF-8"?>
<!-- Generated by org.testng.reporters.JUnitReportReporter -->
<testsuite skipped="0" hostname="DESKTOP-ICBR68V" name="com.test.xcdhr.Core_HR_Sence_Check.AddPaymentOrDeduction.TC001_AddPaymentOrDeductionOneOffBenefitType" tests="4" failures="0" timestamp="06 Mar 2018 07:26:30 GMT" time="100.894" errors="0">
  <testcase name="clickOnSearchedEmployeeAndVerifyRewardTab" time="10.826" classname="com.test.xcdhr.Core_HR_Sence_Check.AddPaymentOrDeduction.TC001_AddPaymentOrDeductionOneOffBenefitType"/>
  <testcase name="VerifyAndSetupPaymentDeduction" time="32.504" classname="com.test.xcdhr.Core_HR_Sence_Check.AddPaymentOrDeduction.TC001_AddPaymentOrDeductionOneOffBenefitType"/>
  <testcase name="searchEmployeeForSetupOtherPaymentDeduction" time="47.290" classname="com.test.xcdhr.Core_HR_Sence_Check.AddPaymentOrDeduction.TC001_AddPaymentOrDeductionOneOffBenefitType"/>
  <testcase name="verifyPaymentDeductionButton" time="10.274" classname="com.test.xcdhr.Core_HR_Sence_Check.AddPaymentOrDeduction.TC001_AddPaymentOrDeductionOneOffBenefitType"/>
</testsuite> <!-- com.test.xcdhr.Core_HR_Sence_Check.AddPaymentOrDeduction.TC001_AddPaymentOrDeductionOneOffBenefitType -->
