<?xml version="1.0" encoding="UTF-8"?>
<!-- Generated by org.testng.reporters.JUnitReportReporter -->
<testsuite skipped="0" hostname="DESKTOP-ICBR68V" name="com.test.xcdhr.Core_HR_Sense_Check.MyTeamAndDirectoryForManager.TC002_DirectoryAccessAndVerify" tests="3" failures="0" timestamp="26 Apr 2018 09:32:54 GMT" time="28.942" errors="0">
  <testcase name="loginAndClickDirectoryTab" time="20.856" classname="com.test.xcdhr.Core_HR_Sense_Check.MyTeamAndDirectoryForManager.TC002_DirectoryAccessAndVerify"/>
  <testcase name="verifySearchedEmployee" time="0.321" classname="com.test.xcdhr.Core_HR_Sense_Check.MyTeamAndDirectoryForManager.TC002_DirectoryAccessAndVerify"/>
  <testcase name="searchEmployee" time="7.765" classname="com.test.xcdhr.Core_HR_Sense_Check.MyTeamAndDirectoryForManager.TC002_DirectoryAccessAndVerify"/>
</testsuite> <!-- com.test.xcdhr.Core_HR_Sense_Check.MyTeamAndDirectoryForManager.TC002_DirectoryAccessAndVerify -->
