<?xml version="1.0" encoding="UTF-8"?>
<!-- Generated by org.testng.reporters.JUnitReportReporter -->
<testsuite skipped="0" hostname="DESKTOP-ICBR68V" name="com.test.xcdhr.Core_HR_Sense_Check.ManagerTLapproveRejectReassignLR.TC003_ReassignLrAndVerify" tests="3" failures="0" timestamp="20 Apr 2018 06:25:56 GMT" time="56.636" errors="0">
  <testcase name="loginAndClickMyTeamTab" time="23.527" classname="com.test.xcdhr.Core_HR_Sense_Check.ManagerTLapproveRejectReassignLR.TC003_ReassignLrAndVerify"/>
  <testcase name="verifyApproveRejectAndReassign" time="22.237" classname="com.test.xcdhr.Core_HR_Sense_Check.ManagerTLapproveRejectReassignLR.TC003_ReassignLrAndVerify"/>
  <testcase name="ClickLeaveTabAndRecord" time="10.872" classname="com.test.xcdhr.Core_HR_Sense_Check.ManagerTLapproveRejectReassignLR.TC003_ReassignLrAndVerify"/>
</testsuite> <!-- com.test.xcdhr.Core_HR_Sense_Check.ManagerTLapproveRejectReassignLR.TC003_ReassignLrAndVerify -->
