<?xml version="1.0" encoding="UTF-8"?>
<!-- Generated by org.testng.reporters.JUnitReportReporter -->
<testsuite skipped="0" hostname="DESKTOP-ICBR68V" name="com.test.xcdhr.Core_HR_Sence_Check.AddOherPaymentOrDeduction.TC001_AddOtherPaymentOrDeduction" tests="4" failures="0" timestamp="31 Jan 2018 12:08:31 GMT" time="81.268" errors="0">
  <testcase name="clickOnSearchedEmployeeAndVerifyRewardTab" time="12.531" classname="com.test.xcdhr.Core_HR_Sence_Check.AddOherPaymentOrDeduction.TC001_AddOtherPaymentOrDeduction"/>
  <testcase name="verifyAddOtherPaymentDeductionButton" time="4.315" classname="com.test.xcdhr.Core_HR_Sence_Check.AddOherPaymentOrDeduction.TC001_AddOtherPaymentOrDeduction"/>
  <testcase name="VerifyAndSetupOtherPaymentDeduction" time="21.031" classname="com.test.xcdhr.Core_HR_Sence_Check.AddOherPaymentOrDeduction.TC001_AddOtherPaymentOrDeduction"/>
  <testcase name="searchEmployeeForSetupOtherPaymentDeduction" time="43.391" classname="com.test.xcdhr.Core_HR_Sence_Check.AddOherPaymentOrDeduction.TC001_AddOtherPaymentOrDeduction"/>
</testsuite> <!-- com.test.xcdhr.Core_HR_Sence_Check.AddOherPaymentOrDeduction.TC001_AddOtherPaymentOrDeduction -->
