<?xml version="1.0" encoding="UTF-8"?>
<!-- Generated by org.testng.reporters.JUnitReportReporter -->
<testsuite skipped="0" hostname="DESKTOP-ICBR68V" name="com.test.xcdhr.Core_HR_Sense_Check.SetupAddressNOKandQualification.TC003_SetupQualificationAndVerify" tests="4" failures="0" timestamp="20 Apr 2018 08:58:08 GMT" time="58.700" errors="0">
  <testcase name="setupQualification" time="34.532" classname="com.test.xcdhr.Core_HR_Sense_Check.SetupAddressNOKandQualification.TC003_SetupQualificationAndVerify"/>
  <testcase name="loginAndClickMyDetail" time="15.030" classname="com.test.xcdhr.Core_HR_Sense_Check.SetupAddressNOKandQualification.TC003_SetupQualificationAndVerify"/>
  <testcase name="verifyQualificationButtonAndClick" time="7.780" classname="com.test.xcdhr.Core_HR_Sense_Check.SetupAddressNOKandQualification.TC003_SetupQualificationAndVerify"/>
  <testcase name="getQualificationData" time="1.358" classname="com.test.xcdhr.Core_HR_Sense_Check.SetupAddressNOKandQualification.TC003_SetupQualificationAndVerify"/>
</testsuite> <!-- com.test.xcdhr.Core_HR_Sense_Check.SetupAddressNOKandQualification.TC003_SetupQualificationAndVerify -->
