<?xml version="1.0" encoding="UTF-8"?>
<!-- Generated by org.testng.reporters.JUnitReportReporter -->
<testsuite skipped="0" hostname="DESKTOP-ICBR68V" name="com.test.xcdhr.Core_HR_Sence_Check.AddPaymentOrDeduction.TC002_AddPaymentOrDeductionOneOffDeductionType" tests="4" failures="0" timestamp="06 Mar 2018 06:30:33 GMT" time="85.025" errors="0">
  <testcase name="clickOnSearchedEmployeeAndVerifyRewardTab" time="9.057" classname="com.test.xcdhr.Core_HR_Sence_Check.AddPaymentOrDeduction.TC002_AddPaymentOrDeductionOneOffDeductionType"/>
  <testcase name="VerifyAndSetupPaymentDeduction" time="23.499" classname="com.test.xcdhr.Core_HR_Sence_Check.AddPaymentOrDeduction.TC002_AddPaymentOrDeductionOneOffDeductionType"/>
  <testcase name="verifyPaymentDeductionButton" time="8.849" classname="com.test.xcdhr.Core_HR_Sence_Check.AddPaymentOrDeduction.TC002_AddPaymentOrDeductionOneOffDeductionType"/>
  <testcase name="searchEmployeeForSetupOtherPaymentDeduction" time="43.620" classname="com.test.xcdhr.Core_HR_Sence_Check.AddPaymentOrDeduction.TC002_AddPaymentOrDeductionOneOffDeductionType"/>
</testsuite> <!-- com.test.xcdhr.Core_HR_Sence_Check.AddPaymentOrDeduction.TC002_AddPaymentOrDeductionOneOffDeductionType -->
