<?xml version="1.0" encoding="UTF-8"?>
<!-- Generated by org.testng.reporters.JUnitReportReporter -->
<testsuite skipped="0" hostname="DESKTOP-ICBR68V" name="com.test.xcdhr.Core_HR_Sense_Check.ManagerTLapproveRejectReassignLR.TC001_ApproveLrAndVerify" tests="4" failures="0" timestamp="26 Apr 2018 10:47:42 GMT" time="44.444" errors="0">
  <testcase name="loginAndClickMyTeamTab" time="21.959" classname="com.test.xcdhr.Core_HR_Sense_Check.ManagerTLapproveRejectReassignLR.TC001_ApproveLrAndVerify"/>
  <testcase name="verifyLRForDaysWorker" time="1.454" classname="com.test.xcdhr.Core_HR_Sense_Check.ManagerTLapproveRejectReassignLR.TC001_ApproveLrAndVerify"/>
  <testcase name="ClickLeaveTabAndRecord" time="7.702" classname="com.test.xcdhr.Core_HR_Sense_Check.ManagerTLapproveRejectReassignLR.TC001_ApproveLrAndVerify"/>
  <testcase name="verifyApproveRejectAndApprove" time="13.329" classname="com.test.xcdhr.Core_HR_Sense_Check.ManagerTLapproveRejectReassignLR.TC001_ApproveLrAndVerify"/>
</testsuite> <!-- com.test.xcdhr.Core_HR_Sense_Check.ManagerTLapproveRejectReassignLR.TC001_ApproveLrAndVerify -->
