<?xml version="1.0" encoding="UTF-8"?>
<!-- Generated by org.testng.reporters.JUnitReportReporter -->
<testsuite skipped="0" hostname="DESKTOP-ICBR68V" name="com.test.xcdhr.Core_HR_Sence_Check.AddPaymentOrDeduction.TCOO1_AddPaymentOrDeduction" tests="4" failures="0" timestamp="25 Jan 2018 10:04:57 GMT" time="74.311" errors="0">
  <testcase name="searchEmployeeForSetupOtherPaymentDeduction" time="40.145" classname="com.test.xcdhr.Core_HR_Sence_Check.AddPaymentOrDeduction.TCOO1_AddPaymentOrDeduction"/>
  <testcase name="VerifyAndSetupPaymentDeduction" time="17.079" classname="com.test.xcdhr.Core_HR_Sence_Check.AddPaymentOrDeduction.TCOO1_AddPaymentOrDeduction"/>
  <testcase name="clickOnSearchedEmployeeAndVerifyRewardTab" time="8.571" classname="com.test.xcdhr.Core_HR_Sence_Check.AddPaymentOrDeduction.TCOO1_AddPaymentOrDeduction"/>
  <testcase name="verifyPaymentDeductionButton" time="8.516" classname="com.test.xcdhr.Core_HR_Sence_Check.AddPaymentOrDeduction.TCOO1_AddPaymentOrDeduction"/>
</testsuite> <!-- com.test.xcdhr.Core_HR_Sence_Check.AddPaymentOrDeduction.TCOO1_AddPaymentOrDeduction -->
