<?xml version="1.0" encoding="UTF-8"?>
<!-- Generated by org.testng.reporters.JUnitReportReporter -->
<testsuite skipped="0" hostname="DESKTOP-ICBR68V" name="com.test.xcdhr.Core_HR_Sence_Check.AddPaymentOrDeduction.TC003_VerifyAddPaymentOrDeductionOneOffPaymentType" tests="5" failures="0" timestamp="06 Mar 2018 06:30:33 GMT" time="57.802" errors="0">
  <testcase name="verifyPaymentAmount" time="0.186" classname="com.test.xcdhr.Core_HR_Sence_Check.AddPaymentOrDeduction.TC003_VerifyAddPaymentOrDeductionOneOffPaymentType"/>
  <testcase name="searchEmployeeRecord" time="42.519" classname="com.test.xcdhr.Core_HR_Sence_Check.AddPaymentOrDeduction.TC003_VerifyAddPaymentOrDeductionOneOffPaymentType"/>
  <testcase name="verifyRecordType" time="0.223" classname="com.test.xcdhr.Core_HR_Sence_Check.AddPaymentOrDeduction.TC003_VerifyAddPaymentOrDeductionOneOffPaymentType"/>
  <testcase name="clickOnSearchedEmployeeAndRewardTab" time="8.684" classname="com.test.xcdhr.Core_HR_Sence_Check.AddPaymentOrDeduction.TC003_VerifyAddPaymentOrDeductionOneOffPaymentType"/>
  <testcase name="verifyPaymentDedutonAndClick" time="6.190" classname="com.test.xcdhr.Core_HR_Sence_Check.AddPaymentOrDeduction.TC003_VerifyAddPaymentOrDeductionOneOffPaymentType"/>
</testsuite> <!-- com.test.xcdhr.Core_HR_Sence_Check.AddPaymentOrDeduction.TC003_VerifyAddPaymentOrDeductionOneOffPaymentType -->
