<?xml version="1.0" encoding="UTF-8"?>
<!-- Generated by org.testng.reporters.JUnitReportReporter -->
<testsuite skipped="0" hostname="DESKTOP-ICBR68V" name="com.test.xcdhr.Core_HR_Sence_Check.AddAward.TC001_VerifyAwardViaRewardTab" tests="5" failures="0" timestamp="31 Jan 2018 10:56:32 GMT" time="54.530" errors="0">
  <testcase name="searchEmployeeRecord" time="41.812" classname="com.test.xcdhr.Core_HR_Sence_Check.AddAward.TC001_VerifyAwardViaRewardTab"/>
  <testcase name="verifyAwardAndClicked" time="3.073" classname="com.test.xcdhr.Core_HR_Sence_Check.AddAward.TC001_VerifyAwardViaRewardTab"/>
  <testcase name="verifyPaymentAmount" time="1.714" classname="com.test.xcdhr.Core_HR_Sence_Check.AddAward.TC001_VerifyAwardViaRewardTab"/>
  <testcase name="clickOnSearchedEmployeeAndRewardTab" time="7.909" classname="com.test.xcdhr.Core_HR_Sence_Check.AddAward.TC001_VerifyAwardViaRewardTab"/>
  <testcase name="verifyRecordType" time="0.022" classname="com.test.xcdhr.Core_HR_Sence_Check.AddAward.TC001_VerifyAwardViaRewardTab"/>
</testsuite> <!-- com.test.xcdhr.Core_HR_Sence_Check.AddAward.TC001_VerifyAwardViaRewardTab -->
